<?xml version="1.0" encoding="UTF-8"?>
<!-- Generated by org.testng.reporters.JUnitReportReporter -->
<testsuite skipped="0" hostname="Amar" name="com.appium.pac.gestures.Drop_Down" tests="1" failures="0" timestamp="30 Aug 2020 05:51:38 GMT" time="48.895" errors="0">
  <testcase name="dropdown" time="48.895" classname="com.appium.pac.gestures.Drop_Down"/>
</testsuite> <!-- com.appium.pac.gestures.Drop_Down -->
