<?xml version="1.0" encoding="UTF-8"?>
<!-- Generated by org.testng.reporters.JUnitReportReporter -->
<testsuite skipped="0" hostname="Amar" name="com.appium.pac.gestures.Camera_" tests="1" failures="0" timestamp="29 Aug 2020 06:31:03 GMT" time="27.620" errors="0">
  <testcase name="camera" time="27.620" classname="com.appium.pac.gestures.Camera_"/>
</testsuite> <!-- com.appium.pac.gestures.Camera_ -->
