<?xml version="1.0" encoding="UTF-8"?>
<!-- Generated by org.testng.reporters.JUnitReportReporter -->
<testsuite skipped="0" hostname="Amar" name="com.appium.pac.Radio_chkboxes" tests="1" failures="0" timestamp="28 Aug 2020 09:30:04 GMT" time="32.020" errors="0">
  <testcase name="testApp" time="32.020" classname="com.appium.pac.Radio_chkboxes"/>
</testsuite> <!-- com.appium.pac.Radio_chkboxes -->
