<?xml version="1.0" encoding="UTF-8"?>
<!-- Generated by org.testng.reporters.JUnitReportReporter -->
<testsuite skipped="0" hostname="Amar" name="com.appium.pac.gestures.Toggle_" tests="1" failures="0" timestamp="28 Aug 2020 10:52:11 GMT" time="18.744" errors="0">
  <testcase name="multitouch" time="18.744" classname="com.appium.pac.gestures.Toggle_"/>
</testsuite> <!-- com.appium.pac.gestures.Toggle_ -->
