<?xml version="1.0" encoding="UTF-8"?>
<!-- Generated by org.testng.reporters.JUnitReportReporter -->
<testsuite skipped="0" hostname="Amar" name="com.appium.pac.gestures.Voonik_" tests="1" failures="0" timestamp="29 Aug 2020 04:26:33 GMT" time="20.708" errors="0">
  <testcase name="voonik" time="20.708" classname="com.appium.pac.gestures.Voonik_"/>
</testsuite> <!-- com.appium.pac.gestures.Voonik_ -->
