<?xml version="1.0" encoding="UTF-8"?>
<!-- Generated by org.testng.reporters.JUnitReportReporter -->
<testsuite skipped="0" hostname="Amar" name="com.appium.pac.webapps.Chrome_" tests="1" failures="0" timestamp="31 Aug 2020 05:44:37 GMT" time="38.785" errors="0">
  <testcase name="launchchrome" time="38.785" classname="com.appium.pac.webapps.Chrome_"/>
</testsuite> <!-- com.appium.pac.webapps.Chrome_ -->
