<?xml version="1.0" encoding="UTF-8"?>
<!-- Generated by org.testng.reporters.JUnitReportReporter -->
<testsuite skipped="0" hostname="Amar" name="com.appium.pac.gestures.Multitouch_" tests="1" failures="0" timestamp="30 Aug 2020 06:26:27 GMT" time="31.973" errors="0">
  <testcase name="multitouch" time="31.973" classname="com.appium.pac.gestures.Multitouch_"/>
</testsuite> <!-- com.appium.pac.gestures.Multitouch_ -->
