<?xml version="1.0" encoding="UTF-8"?>
<!-- Generated by org.testng.reporters.JUnitReportReporter -->
<testsuite skipped="0" hostname="Amar" name="com.appium.pac.gestures.Tapping_clicking" tests="1" failures="0" timestamp="28 Aug 2020 08:51:32 GMT" time="38.512" errors="0">
  <testcase name="tap_click" time="38.512" classname="com.appium.pac.gestures.Tapping_clicking"/>
</testsuite> <!-- com.appium.pac.gestures.Tapping_clicking -->
