<?xml version="1.0" encoding="UTF-8"?>
<!-- Generated by org.testng.reporters.JUnitReportReporter -->
<testsuite skipped="0" hostname="Amar" name="com.appium.pac.gestures.Zoom_Pinch" tests="1" failures="0" timestamp="29 Aug 2020 05:59:31 GMT" time="46.667" errors="0">
  <testcase name="zoom_pinch" time="46.667" classname="com.appium.pac.gestures.Zoom_Pinch"/>
</testsuite> <!-- com.appium.pac.gestures.Zoom_Pinch -->
