<?xml version="1.0" encoding="UTF-8"?>
<!-- Generated by org.testng.reporters.JUnitReportReporter -->
<testsuite skipped="0" hostname="Amar" name="com.appium.pac.gestures.UnInstall_Apps" tests="1" failures="0" timestamp="29 Aug 2020 10:29:39 GMT" time="32.352" errors="0">
  <testcase name="unistallAPp" time="32.352" classname="com.appium.pac.gestures.UnInstall_Apps"/>
</testsuite> <!-- com.appium.pac.gestures.UnInstall_Apps -->
