<?xml version="1.0" encoding="UTF-8"?>
<!-- Generated by org.testng.reporters.JUnitReportReporter -->
<testsuite skipped="0" hostname="Amar" name="com.appium.pac.gestures.Screenshot_" tests="1" failures="0" timestamp="29 Aug 2020 09:34:03 GMT" time="41.596" errors="0">
  <testcase name="screenshot" time="41.596" classname="com.appium.pac.gestures.Screenshot_"/>
</testsuite> <!-- com.appium.pac.gestures.Screenshot_ -->
