<?xml version="1.0" encoding="UTF-8"?>
<!-- Generated by org.testng.reporters.JUnitReportReporter -->
<testsuite skipped="0" hostname="Amar" name="com.appium.pac.gestures.Install_APK" tests="1" failures="0" timestamp="29 Aug 2020 04:27:40 GMT" time="31.342" errors="0">
  <testcase name="Install" time="31.342" classname="com.appium.pac.gestures.Install_APK"/>
</testsuite> <!-- com.appium.pac.gestures.Install_APK -->
